(t,task_present,o,e,battery,charging,cl)
0:(0,0,0,0,38,0,0)
1:(0,0,1,0,38,0,0)
2:(0,1,1,0,38,0,0)
3:(0,1,1,1,38,0,0)
4:(0,1,1,1,38,0,1)
5:(1,0,0,0,51,1,0)
6:(1,0,0,0,52,1,0)
7:(1,0,0,0,53,1,0)
8:(1,0,1,0,34,0,0)
9:(1,0,1,0,34,0,1)
10:(1,0,1,0,36,0,0)
11:(1,0,1,0,36,0,1)
12:(1,0,1,0,51,1,0)
13:(1,0,1,0,51,1,1)
14:(1,0,1,0,52,1,0)
15:(1,0,1,0,52,1,1)
16:(1,0,1,0,53,1,0)
17:(1,0,1,0,53,1,1)
18:(1,1,0,0,34,0,0)
19:(1,1,0,0,34,0,1)
20:(1,1,0,0,36,0,0)
21:(1,1,0,0,36,0,1)
22:(1,1,0,0,51,1,0)
23:(1,1,0,0,51,1,1)
24:(1,1,0,0,52,1,0)
25:(1,1,0,0,52,1,1)
26:(1,1,0,0,53,1,0)
27:(1,1,0,0,53,1,1)
28:(1,1,1,0,34,0,0)
29:(1,1,1,0,34,0,1)
30:(1,1,1,0,36,0,0)
31:(1,1,1,0,36,0,1)
32:(1,1,1,0,51,1,0)
33:(1,1,1,0,51,1,1)
34:(1,1,1,0,52,1,0)
35:(1,1,1,0,52,1,1)
36:(1,1,1,0,53,1,0)
37:(1,1,1,0,53,1,1)
38:(1,1,1,1,34,0,0)
39:(1,1,1,1,34,0,1)
40:(1,1,1,1,36,0,0)
41:(1,1,1,1,36,0,1)
42:(1,1,1,1,51,1,0)
43:(1,1,1,1,51,1,1)
44:(1,1,1,1,52,1,0)
45:(1,1,1,1,52,1,1)
46:(1,1,1,1,53,1,0)
47:(1,1,1,1,53,1,1)
48:(2,0,0,0,48,1,0)
49:(2,0,0,0,48,1,1)
50:(2,0,0,0,49,1,0)
51:(2,0,0,0,49,1,1)
52:(2,0,0,0,50,1,0)
53:(2,0,0,0,50,1,1)
54:(2,0,0,0,51,1,0)
55:(2,0,0,0,51,1,1)
56:(2,0,0,0,65,1,0)
57:(2,0,0,0,65,1,1)
58:(2,0,0,0,66,1,0)
59:(2,0,0,0,66,1,1)
60:(2,0,0,0,67,1,0)
61:(2,0,0,0,67,1,1)
62:(2,0,0,0,68,1,0)
63:(2,0,0,0,68,1,1)
64:(2,0,0,0,69,1,0)
65:(2,0,0,0,69,1,1)
66:(2,0,1,0,30,0,0)
67:(2,0,1,0,30,0,1)
68:(2,0,1,0,32,0,0)
69:(2,0,1,0,32,0,1)
70:(2,0,1,0,34,0,0)
71:(2,0,1,0,34,0,1)
72:(2,0,1,0,48,0,0)
73:(2,0,1,0,48,0,1)
74:(2,0,1,0,48,1,0)
75:(2,0,1,0,48,1,1)
76:(2,0,1,0,49,1,0)
77:(2,0,1,0,49,1,1)
78:(2,0,1,0,50,0,0)
79:(2,0,1,0,50,0,1)
80:(2,0,1,0,50,1,0)
81:(2,0,1,0,50,1,1)
82:(2,0,1,0,51,1,0)
83:(2,0,1,0,51,1,1)
84:(2,0,1,0,52,0,0)
85:(2,0,1,0,52,0,1)
86:(2,0,1,0,65,1,0)
87:(2,0,1,0,65,1,1)
88:(2,0,1,0,66,1,0)
89:(2,0,1,0,66,1,1)
90:(2,0,1,0,67,1,0)
91:(2,0,1,0,67,1,1)
92:(2,0,1,0,68,1,0)
93:(2,0,1,0,68,1,1)
94:(2,0,1,0,69,1,0)
95:(2,0,1,0,69,1,1)
96:(2,1,0,0,30,0,0)
97:(2,1,0,0,30,0,1)
98:(2,1,0,0,32,0,0)
99:(2,1,0,0,32,0,1)
100:(2,1,0,0,34,0,0)
101:(2,1,0,0,34,0,1)
102:(2,1,0,0,48,0,0)
103:(2,1,0,0,48,0,1)
104:(2,1,0,0,48,1,0)
105:(2,1,0,0,48,1,1)
106:(2,1,0,0,49,1,0)
107:(2,1,0,0,49,1,1)
108:(2,1,0,0,50,0,0)
109:(2,1,0,0,50,0,1)
110:(2,1,0,0,50,1,0)
111:(2,1,0,0,50,1,1)
112:(2,1,0,0,51,1,0)
113:(2,1,0,0,51,1,1)
114:(2,1,0,0,52,0,0)
115:(2,1,0,0,52,0,1)
116:(2,1,0,0,65,1,0)
117:(2,1,0,0,65,1,1)
118:(2,1,0,0,66,1,0)
119:(2,1,0,0,66,1,1)
120:(2,1,0,0,67,1,0)
121:(2,1,0,0,67,1,1)
122:(2,1,0,0,68,1,0)
123:(2,1,0,0,68,1,1)
124:(2,1,0,0,69,1,0)
125:(2,1,0,0,69,1,1)
126:(2,1,1,0,30,0,0)
127:(2,1,1,0,30,0,1)
128:(2,1,1,0,32,0,0)
129:(2,1,1,0,32,0,1)
130:(2,1,1,0,34,0,0)
131:(2,1,1,0,34,0,1)
132:(2,1,1,0,48,0,0)
133:(2,1,1,0,48,0,1)
134:(2,1,1,0,48,1,0)
135:(2,1,1,0,48,1,1)
136:(2,1,1,0,49,1,0)
137:(2,1,1,0,49,1,1)
138:(2,1,1,0,50,0,0)
139:(2,1,1,0,50,0,1)
140:(2,1,1,0,50,1,0)
141:(2,1,1,0,50,1,1)
142:(2,1,1,0,51,1,0)
143:(2,1,1,0,51,1,1)
144:(2,1,1,0,52,0,0)
145:(2,1,1,0,52,0,1)
146:(2,1,1,0,65,1,0)
147:(2,1,1,0,65,1,1)
148:(2,1,1,0,66,1,0)
149:(2,1,1,0,66,1,1)
150:(2,1,1,0,67,1,0)
151:(2,1,1,0,67,1,1)
152:(2,1,1,0,68,1,0)
153:(2,1,1,0,68,1,1)
154:(2,1,1,0,69,1,0)
155:(2,1,1,0,69,1,1)
156:(2,1,1,1,30,0,0)
157:(2,1,1,1,30,0,1)
158:(2,1,1,1,32,0,0)
159:(2,1,1,1,32,0,1)
160:(2,1,1,1,34,0,0)
161:(2,1,1,1,34,0,1)
162:(2,1,1,1,48,0,0)
163:(2,1,1,1,48,0,1)
164:(2,1,1,1,48,1,0)
165:(2,1,1,1,48,1,1)
166:(2,1,1,1,49,1,0)
167:(2,1,1,1,49,1,1)
168:(2,1,1,1,50,0,0)
169:(2,1,1,1,50,0,1)
170:(2,1,1,1,50,1,0)
171:(2,1,1,1,50,1,1)
172:(2,1,1,1,51,1,0)
173:(2,1,1,1,51,1,1)
174:(2,1,1,1,52,0,0)
175:(2,1,1,1,52,0,1)
176:(2,1,1,1,65,1,0)
177:(2,1,1,1,65,1,1)
178:(2,1,1,1,66,1,0)
179:(2,1,1,1,66,1,1)
180:(2,1,1,1,67,1,0)
181:(2,1,1,1,67,1,1)
182:(2,1,1,1,68,1,0)
183:(2,1,1,1,68,1,1)
184:(2,1,1,1,69,1,0)
185:(2,1,1,1,69,1,1)
186:(3,0,0,0,44,1,0)
187:(3,0,0,0,44,1,1)
188:(3,0,0,0,45,1,0)
189:(3,0,0,0,45,1,1)
190:(3,0,0,0,46,1,0)
191:(3,0,0,0,46,1,1)
192:(3,0,0,0,47,1,0)
193:(3,0,0,0,47,1,1)
194:(3,0,0,0,48,1,0)
195:(3,0,0,0,48,1,1)
196:(3,0,0,0,49,1,0)
197:(3,0,0,0,49,1,1)
198:(3,0,0,0,50,1,0)
199:(3,0,0,0,50,1,1)
200:(3,0,0,0,61,1,0)
201:(3,0,0,0,61,1,1)
202:(3,0,0,0,62,1,0)
203:(3,0,0,0,62,1,1)
204:(3,0,0,0,63,1,0)
205:(3,0,0,0,63,1,1)
206:(3,0,0,0,64,1,0)
207:(3,0,0,0,64,1,1)
208:(3,0,0,0,65,1,0)
209:(3,0,0,0,65,1,1)
210:(3,0,0,0,66,1,0)
211:(3,0,0,0,66,1,1)
212:(3,0,0,0,67,1,0)
213:(3,0,0,0,67,1,1)
214:(3,0,0,0,79,1,0)
215:(3,0,0,0,79,1,1)
216:(3,0,0,0,80,1,0)
217:(3,0,0,0,80,1,1)
218:(3,0,0,0,81,1,0)
219:(3,0,0,0,81,1,1)
220:(3,0,0,0,82,1,0)
221:(3,0,0,0,82,1,1)
222:(3,0,0,0,83,1,0)
223:(3,0,0,0,83,1,1)
224:(3,0,0,0,84,1,0)
225:(3,0,0,0,84,1,1)
226:(3,0,0,0,85,1,0)
227:(3,0,0,0,85,1,1)
228:(3,1,0,0,26,0,0)
229:(3,1,0,0,26,0,1)
230:(3,1,0,0,28,0,0)
231:(3,1,0,0,28,0,1)
232:(3,1,0,0,30,0,0)
233:(3,1,0,0,30,0,1)
234:(3,1,0,0,32,0,0)
235:(3,1,0,0,32,0,1)
236:(3,1,0,0,44,0,0)
237:(3,1,0,0,44,0,1)
238:(3,1,0,0,44,1,0)
239:(3,1,0,0,44,1,1)
240:(3,1,0,0,45,1,0)
241:(3,1,0,0,45,1,1)
242:(3,1,0,0,46,0,0)
243:(3,1,0,0,46,0,1)
244:(3,1,0,0,46,1,0)
245:(3,1,0,0,46,1,1)
246:(3,1,0,0,47,1,0)
247:(3,1,0,0,47,1,1)
248:(3,1,0,0,48,0,0)
249:(3,1,0,0,48,0,1)
250:(3,1,0,0,48,1,0)
251:(3,1,0,0,48,1,1)
252:(3,1,0,0,49,1,0)
253:(3,1,0,0,49,1,1)
254:(3,1,0,0,50,0,0)
255:(3,1,0,0,50,0,1)
256:(3,1,0,0,50,1,0)
257:(3,1,0,0,50,1,1)
258:(3,1,0,0,61,1,0)
259:(3,1,0,0,61,1,1)
260:(3,1,0,0,62,0,0)
261:(3,1,0,0,62,0,1)
262:(3,1,0,0,62,1,0)
263:(3,1,0,0,62,1,1)
264:(3,1,0,0,63,1,0)
265:(3,1,0,0,63,1,1)
266:(3,1,0,0,64,0,0)
267:(3,1,0,0,64,0,1)
268:(3,1,0,0,64,1,0)
269:(3,1,0,0,64,1,1)
270:(3,1,0,0,65,1,0)
271:(3,1,0,0,65,1,1)
272:(3,1,0,0,66,0,0)
273:(3,1,0,0,66,0,1)
274:(3,1,0,0,66,1,0)
275:(3,1,0,0,66,1,1)
276:(3,1,0,0,67,1,0)
277:(3,1,0,0,67,1,1)
278:(3,1,0,0,68,0,0)
279:(3,1,0,0,68,0,1)
280:(3,1,0,0,79,1,0)
281:(3,1,0,0,79,1,1)
282:(3,1,0,0,80,1,0)
283:(3,1,0,0,80,1,1)
284:(3,1,0,0,81,1,0)
285:(3,1,0,0,81,1,1)
286:(3,1,0,0,82,1,0)
287:(3,1,0,0,82,1,1)
288:(3,1,0,0,83,1,0)
289:(3,1,0,0,83,1,1)
290:(3,1,0,0,84,1,0)
291:(3,1,0,0,84,1,1)
292:(3,1,0,0,85,1,0)
293:(3,1,0,0,85,1,1)
