2025-04-18 11:48:11,240:task_manager:, Assign Outbound, not load outbound, Outbound Task assigned to the robot,[], robot,300
2025-04-18 11:48:11,240:task_manager:, Assign Outbound, not load outbound, Outbound Task assigned to the robot,[], robot,302
2025-04-18 11:48:11,240:task_manager:, Assign Outbound, not load outbound, Outbound Task assigned to the robot,[], robot,303
2025-04-18 11:48:11,241:task_manager:, Assign Outbound, not load outbound, Outbound Task assigned to the robot,[], robot,304
2025-04-18 11:51:03,407:task_manager:, Assign Outbound, not load outbound, Outbound Task assigned to the robot,[], robot,300
2025-04-18 11:51:03,407:task_manager:, Assign Outbound, not load outbound, Outbound Task assigned to the robot,[], robot,302
2025-04-18 11:51:03,407:task_manager:, Assign Outbound, not load outbound, Outbound Task assigned to the robot,[], robot,303
2025-04-18 11:51:03,407:task_manager:, Assign Outbound, not load outbound, Outbound Task assigned to the robot,[], robot,304
2025-04-18 11:51:13,072:task_manager:, Assign Outbound, not load outbound, Outbound Task assigned to the robot,[], robot,300
2025-04-18 11:51:13,072:task_manager:, Assign Outbound, not load outbound, Outbound Task assigned to the robot,[], robot,302
2025-04-18 11:51:13,072:task_manager:, Assign Outbound, not load outbound, Outbound Task assigned to the robot,[], robot,303
2025-04-18 11:51:13,072:task_manager:, Assign Outbound, not load outbound, Outbound Task assigned to the robot,[], robot,304
2025-04-18 11:51:58,779:task_manager:, Assign Outbound, not load outbound, Outbound Task assigned to the robot,[], robot,300
2025-04-18 11:51:58,780:task_manager:, Assign Outbound, not load outbound, Outbound Task assigned to the robot,[], robot,302
2025-04-18 11:51:58,780:task_manager:, Assign Outbound, not load outbound, Outbound Task assigned to the robot,[], robot,303
2025-04-18 11:51:58,780:task_manager:, Assign Outbound, not load outbound, Outbound Task assigned to the robot,[], robot,304
2025-04-18 12:26:16,723:task_manager:, Assign Outbound, not load outbound, Outbound Task assigned to the robot,[], robot,300
2025-04-18 12:29:51,058:task_manager:, Assign Outbound, not load outbound, Outbound Task assigned to the robot,[], robot,300
2025-04-18 12:38:08,562:task_manager:, Assign Outbound, not load outbound, Outbound Task assigned to the robot,[], robot,300
2025-04-18 12:38:30,551:task_manager:, Assign Outbound, not load outbound, Outbound Task assigned to the robot,[], robot,300
2025-04-18 12:39:26,933:task_manager:, Assign Outbound, not load outbound, Outbound Task assigned to the robot,[], robot,300
2025-04-18 12:40:32,937:task_manager:, Assign Outbound, not load outbound, Outbound Task assigned to the robot,[], robot,300
2025-04-18 12:43:57,828:task_manager:, Assign Outbound, not load outbound, Outbound Task assigned to the robot,[], robot,300
2025-04-18 12:44:27,931:task_manager:, Assign Outbound, not load outbound, Outbound Task assigned to the robot,[], robot,300
2025-04-18 12:46:04,360:task_manager:, Assign Outbound, not load outbound, Outbound Task assigned to the robot,[], robot,300
2025-04-18 12:46:58,112:task_manager:, Assign Outbound, not load outbound, Outbound Task assigned to the robot,[], robot,300
2025-04-18 12:47:40,131:task_manager:, Assign Outbound, not load outbound, Outbound Task assigned to the robot,[], robot,300
2025-04-18 12:49:09,582:task_manager:, Assign Outbound, not load outbound, Outbound Task assigned to the robot,[], robot,300
2025-04-18 12:50:43,158:task_manager:, Assign Outbound, not load outbound, Outbound Task assigned to the robot,[], robot,300
2025-04-18 12:51:48,022:task_manager:, Assign Outbound, not load outbound, Outbound Task assigned to the robot,[], robot,300
2025-04-18 12:52:42,659:task_manager:, Assign Outbound, not load outbound, Outbound Task assigned to the robot,[], robot,300
2025-04-18 12:59:25,278:task_manager:, Assign Outbound, not load outbound, Outbound Task assigned to the robot,[], robot,300
2025-04-18 13:05:00,967:task_manager:, Assign Outbound, not load outbound, Outbound Task assigned to the robot,[], robot,300
2025-04-18 13:05:37,160:task_manager:, Assign Outbound, not load outbound, Outbound Task assigned to the robot,[], robot,300
2025-04-18 13:06:14,823:task_manager:, Assign Outbound, not load outbound, Outbound Task assigned to the robot,[], robot,300
2025-04-18 13:07:49,135:task_manager:, Assign Outbound, not load outbound, Outbound Task assigned to the robot,[], robot,300
2025-04-18 13:08:24,228:task_manager:, Assign Outbound, not load outbound, Outbound Task assigned to the robot,[], robot,300
2025-04-18 16:08:03,033:task_manager:, Assign Outbound, not load outbound, Outbound Task assigned to the robot,[], robot,300
2025-04-18 16:08:33,914:task_manager:, Assign Outbound, not load outbound, Outbound Task assigned to the robot,[], robot,300
2025-04-18 16:09:58,971:task_manager:, Assign Outbound, not load outbound, Outbound Task assigned to the robot,[], robot,300
2025-04-18 16:12:46,312:task_manager:, Assign Outbound, not load outbound, Outbound Task assigned to the robot,[], robot,300
2025-04-18 16:13:17,185:task_manager:, Assign Outbound, not load outbound, Outbound Task assigned to the robot,[], robot,300
2025-04-18 16:14:01,980:task_manager:, Assign Outbound, not load outbound, Outbound Task assigned to the robot,[], robot,300
2025-04-18 16:14:32,781:task_manager:, Assign Outbound, not load outbound, Outbound Task assigned to the robot,[], robot,300
2025-04-18 16:15:42,940:task_manager:, Assign Outbound, not load outbound, Outbound Task assigned to the robot,[], robot,300
2025-04-18 16:16:20,891:task_manager:, Assign Outbound, not load outbound, Outbound Task assigned to the robot,[], robot,300
2025-04-18 16:16:44,922:task_manager:, Assign Outbound, not load outbound, Outbound Task assigned to the robot,[], robot,300
2025-04-18 16:18:05,359:task_manager:, Assign Outbound, not load outbound, Outbound Task assigned to the robot,[], robot,300
2025-04-18 16:19:05,753:task_manager:, Assign Outbound, not load outbound, Outbound Task assigned to the robot,[], robot,300
2025-04-18 16:21:45,924:task_manager:, Assign Outbound, not load outbound, Outbound Task assigned to the robot,[], robot,300
2025-04-18 16:25:14,329:task_manager:, Assign Outbound, not load outbound, Outbound Task assigned to the robot,[], robot,300
2025-04-18 16:26:04,874:task_manager:, Assign Outbound, not load outbound, Outbound Task assigned to the robot,[], robot,300
2025-04-18 16:26:35,696:task_manager:, Assign Outbound, not load outbound, Outbound Task assigned to the robot,[], robot,300
2025-04-18 16:31:57,742:task_manager:, Assign Outbound, not load outbound, Outbound Task assigned to the robot,[], robot,300
2025-04-18 16:32:28,521:task_manager:, Assign Outbound, not load outbound, Outbound Task assigned to the robot,[], robot,300
2025-04-18 16:34:42,603:task_manager:, Assign Outbound, not load outbound, Outbound Task assigned to the robot,[], robot,300
2025-04-18 16:35:13,422:task_manager:, Assign Outbound, not load outbound, Outbound Task assigned to the robot,[], robot,300
2025-04-20 16:25:24,564:task_manager:, Assign Outbound, not load outbound, Outbound Task assigned to the robot,[], robot,300
2025-04-20 16:27:39,935:task_manager:, Assign Outbound, not load outbound, Outbound Task assigned to the robot,[], robot,300
2025-04-20 16:28:10,712:task_manager:, Assign Outbound, not load outbound, Outbound Task assigned to the robot,[], robot,300
2025-04-20 16:29:22,920:task_manager:, Assign Outbound, not load outbound, Outbound Task assigned to the robot,[], robot,300
2025-04-20 16:29:45,638:task_manager:, Assign Outbound, not load outbound, Outbound Task assigned to the robot,[], robot,300
2025-04-20 16:35:12,389:task_manager:, Assign Outbound, not load outbound, Outbound Task assigned to the robot,[], robot,300
2025-04-20 16:35:43,144:task_manager:, Assign Outbound, not load outbound, Outbound Task assigned to the robot,[], robot,300
2025-04-20 16:37:10,089:task_manager:, Assign Outbound, not load outbound, Outbound Task assigned to the robot,[], robot,300
2025-04-20 16:37:55,344:task_manager:, Assign Outbound, not load outbound, Outbound Task assigned to the robot,[], robot,300
2025-04-20 16:38:40,609:task_manager:, Assign Outbound, not load outbound, Outbound Task assigned to the robot,[], robot,300
2025-04-20 17:13:24,709:task_manager:, Assign Outbound, not load outbound, Outbound Task assigned to the robot,[], robot,300
2025-04-20 17:13:25,234:task_manager:, Assign Outbound, not load outbound, Outbound Task assigned to the robot,[], robot,300
2025-04-20 17:14:49,334:task_manager:, Assign Outbound, not load outbound, Outbound Task assigned to the robot,[], robot,300
2025-04-20 17:15:13,460:task_manager:, Assign Outbound, not load outbound, Outbound Task assigned to the robot,[], robot,300
2025-04-20 17:15:57,849:task_manager:, Assign Outbound, not load outbound, Outbound Task assigned to the robot,[[1031, <geometry.Point object at 0x7f0d5e5f54c0>]], robot,300
2025-04-20 17:16:51,398:task_manager:, Assign Outbound, not load outbound, Outbound Task assigned to the robot,[[1040, <geometry.Point object at 0x7f0d5c9ff0e0>]], robot,300
2025-04-20 17:17:53,360:task_manager:, Assign Outbound, not load outbound, Outbound Task assigned to the robot,[[1049, <geometry.Point object at 0x7f0d5e5f7da0>]], robot,300
2025-04-20 17:19:16,346:task_manager:, Assign Outbound, not load outbound, Outbound Task assigned to the robot,[[1159, <geometry.Point object at 0x7f0d5e5f7d40>], [1137, <geometry.Point object at 0x7f0d5c09c110>], [1139, <geometry.Point object at 0x7f0d5c09c440>]], robot,300
2025-04-20 17:21:16,661:task_manager:, Assign Outbound, not load outbound, Outbound Task assigned to the robot,[], robot,300
2025-04-20 17:21:58,255:task_manager:, Assign Outbound, not load outbound, Outbound Task assigned to the robot,[], robot,300
2025-04-20 17:21:58,781:task_manager:, Assign Outbound, not load outbound, Outbound Task assigned to the robot,[], robot,300
2025-04-20 17:23:15,509:task_manager:, Assign Outbound, not load outbound, Outbound Task assigned to the robot,[[1161, <geometry.Point object at 0x7f0d5e5f4170>]], robot,300
2025-04-20 17:24:08,173:task_manager:, Assign Outbound, not load outbound, Outbound Task assigned to the robot,[[1173, <geometry.Point object at 0x7f0d5e5f74a0>]], robot,300
2025-04-20 17:25:10,666:task_manager:, Assign Outbound, not load outbound, Outbound Task assigned to the robot,[[1165, <geometry.Point object at 0x7f0d5e5f7230>]], robot,300
2025-04-20 17:26:10,251:task_manager:, Assign Outbound, not load outbound, Outbound Task assigned to the robot,[], robot,300
2025-04-20 17:26:50,015:task_manager:, Assign Outbound, not load outbound, Outbound Task assigned to the robot,[[1063, <geometry.Point object at 0x7f0d5e5f65a0>], [1074, <geometry.Point object at 0x7f0d5c933bc0>]], robot,300
2025-04-20 17:28:20,607:task_manager:, Assign Outbound, not load outbound, Outbound Task assigned to the robot,[], robot,300
2025-04-20 17:29:06,509:task_manager:, Assign Outbound, not load outbound, Outbound Task assigned to the robot,[[1035, <geometry.Point object at 0x7f0d5c9ff170>], [1023, <geometry.Point object at 0x7f0d5e5f6b70>]], robot,300
2025-04-20 17:30:35,126:task_manager:, Assign Outbound, not load outbound, Outbound Task assigned to the robot,[], robot,300
2025-04-20 17:30:35,661:task_manager:, Assign Outbound, not load outbound, Outbound Task assigned to the robot,[], robot,300
2025-04-20 17:31:53,125:task_manager:, Assign Outbound, not load outbound, Outbound Task assigned to the robot,[[1089, <geometry.Point object at 0x7f0d5e5f6750>]], robot,300
2025-04-20 17:33:01,687:task_manager:, Assign Outbound, not load outbound, Outbound Task assigned to the robot,[[1093, <geometry.Point object at 0x7f0d5e5f4ef0>]], robot,300
2025-04-20 17:34:11,802:task_manager:, Assign Outbound, not load outbound, Outbound Task assigned to the robot,[], robot,300
2025-04-20 17:34:55,160:task_manager:, Assign Outbound, not load outbound, Outbound Task assigned to the robot,[[1138, <geometry.Point object at 0x7f0d5e5f79b0>]], robot,300
2025-04-20 17:35:42,015:task_manager:, Assign Outbound, not load outbound, Outbound Task assigned to the robot,[], robot,300
2025-04-20 17:36:19,519:task_manager:, Assign Outbound, not load outbound, Outbound Task assigned to the robot,[[1220, <geometry.Point object at 0x7f0d5e5f7290>]], robot,300
2025-04-20 17:37:29,292:task_manager:, Assign Outbound, not load outbound, Outbound Task assigned to the robot,[], robot,300
2025-04-20 17:37:54,346:task_manager:, Assign Outbound, not load outbound, Outbound Task assigned to the robot,[], robot,300
2025-04-20 17:38:00,515:task_manager:, Assign Outbound, not load outbound, Outbound Task assigned to the robot,[], robot,300
2025-04-20 17:39:17,470:task_manager:, Assign Outbound, not load outbound, Outbound Task assigned to the robot,[[1197, <geometry.Point object at 0x7f0d5c09ffe0>]], robot,300
2025-04-20 17:40:24,602:task_manager:, Assign Outbound, not load outbound, Outbound Task assigned to the robot,[[1147, <geometry.Point object at 0x7f0d5e5f7e30>]], robot,300
2025-04-20 17:41:31,636:task_manager:, Assign Outbound, not load outbound, Outbound Task assigned to the robot,[[1135, <geometry.Point object at 0x7f0d5c963200>]], robot,300
2025-04-20 17:42:37,278:task_manager:, Assign Outbound, not load outbound, Outbound Task assigned to the robot,[], robot,300
2025-04-20 17:43:11,757:task_manager:, Assign Outbound, not load outbound, Outbound Task assigned to the robot,[[1077, <geometry.Point object at 0x7f0d5c09c0b0>], [1065, <geometry.Point object at 0x7f0d5c963d40>]], robot,300
2025-04-20 17:44:26,920:task_manager:, Assign Outbound, not load outbound, Outbound Task assigned to the robot,[[1035, <geometry.Point object at 0x7f0d5c9625a0>]], robot,300
2025-04-20 17:45:37,174:task_manager:, Assign Outbound, not load outbound, Outbound Task assigned to the robot,[], robot,300
2025-04-20 17:45:55,972:task_manager:, Assign Outbound, not load outbound, Outbound Task assigned to the robot,[], robot,300
2025-04-20 17:45:56,504:task_manager:, Assign Outbound, not load outbound, Outbound Task assigned to the robot,[], robot,300
2025-04-20 17:47:05,190:task_manager:, Assign Outbound, not load outbound, Outbound Task assigned to the robot,[], robot,300
2025-04-20 17:47:27,549:task_manager:, Assign Outbound, not load outbound, Outbound Task assigned to the robot,[], robot,300
2025-04-20 17:48:14,086:task_manager:, Assign Outbound, not load outbound, Outbound Task assigned to the robot,[], robot,300
2025-04-20 17:48:47,524:task_manager:, Assign Outbound, not load outbound, Outbound Task assigned to the robot,[], robot,300
2025-04-20 17:49:33,188:task_manager:, Assign Outbound, not load outbound, Outbound Task assigned to the robot,[], robot,300
2025-04-20 17:50:27,768:task_manager:, Assign Outbound, not load outbound, Outbound Task assigned to the robot,[[1173, <geometry.Point object at 0x7f0d5e5f5c70>], [1172, <geometry.Point object at 0x7f0d5e5f7680>], [1171, <geometry.Point object at 0x7f0d5e5f70b0>], [1158, <geometry.Point object at 0x7f0d5e5f4b60>]], robot,300
2025-04-20 17:52:33,807:task_manager:, Assign Outbound, not load outbound, Outbound Task assigned to the robot,[], robot,300
2025-04-20 17:53:11,931:task_manager:, Assign Outbound, not load outbound, Outbound Task assigned to the robot,[], robot,300
2025-04-20 17:53:18,108:task_manager:, Assign Outbound, not load outbound, Outbound Task assigned to the robot,[], robot,300
2025-04-20 17:54:54,017:task_manager:, Assign Outbound, not load outbound, Outbound Task assigned to the robot,[], robot,300
2025-04-20 17:55:15,125:task_manager:, Assign Outbound, not load outbound, Outbound Task assigned to the robot,[[1027, <geometry.Point object at 0x7f0d5e5f4650>], [1017, <geometry.Point object at 0x7f0d5e5f47d0>]], robot,300
2025-04-20 17:56:59,495:task_manager:, Assign Outbound, not load outbound, Outbound Task assigned to the robot,[[1047, <geometry.Point object at 0x7f0d5c09dcd0>]], robot,300
2025-04-20 17:58:05,401:task_manager:, Assign Outbound, not load outbound, Outbound Task assigned to the robot,[[1078, <geometry.Point object at 0x7f0d5c962300>]], robot,300
2025-04-20 17:59:01,946:task_manager:, Assign Outbound, not load outbound, Outbound Task assigned to the robot,[[1064, <geometry.Point object at 0x7f0d5e5f7d10>]], robot,300
2025-04-20 18:00:23,127:task_manager:, Assign Outbound, not load outbound, Outbound Task assigned to the robot,[], robot,300
2025-04-20 18:01:08,899:task_manager:, Assign Outbound, not load outbound, Outbound Task assigned to the robot,[], robot,300
2025-04-20 18:12:41,233:task_manager:, Assign Outbound, not load outbound, Outbound Task assigned to the robot,[], robot,300
2025-04-20 18:12:41,763:task_manager:, Assign Outbound, not load outbound, Outbound Task assigned to the robot,[], robot,300
2025-04-20 18:13:11,223:task_manager:, Assign Outbound, not load outbound, Outbound Task assigned to the robot,[[1226, <geometry.Point object at 0x7f0d5e5f7ef0>]], robot,300
2025-04-20 18:14:13,280:task_manager:, Assign Outbound, not load outbound, Outbound Task assigned to the robot,[[1199, <geometry.Point object at 0x7f0d5e5f42f0>]], robot,300
2025-04-20 18:41:46,275:task_manager:, Assign Outbound, not load outbound, Outbound Task assigned to the robot,[], robot,300
2025-04-20 18:41:46,794:task_manager:, Assign Outbound, not load outbound, Outbound Task assigned to the robot,[], robot,300
2025-04-20 18:45:18,224:task_manager:, Assign Outbound, not load outbound, Outbound Task assigned to the robot,[], robot,300
2025-04-20 18:45:48,995:task_manager:, Assign Outbound, not load outbound, Outbound Task assigned to the robot,[], robot,300
2025-04-20 18:47:01,190:task_manager:, Assign Outbound, not load outbound, Outbound Task assigned to the robot,[], robot,300
2025-04-20 18:47:41,808:task_manager:, Assign Outbound, not load outbound, Outbound Task assigned to the robot,[], robot,300
2025-04-20 18:48:24,815:task_manager:, Assign Outbound, not load outbound, Outbound Task assigned to the robot,[], robot,300
2025-04-20 18:49:22,617:task_manager:, Assign Outbound, not load outbound, Outbound Task assigned to the robot,[], robot,300
2025-04-20 18:50:02,715:task_manager:, Assign Outbound, not load outbound, Outbound Task assigned to the robot,[], robot,300
2025-04-20 18:50:33,144:task_manager:, Assign Outbound, not load outbound, Outbound Task assigned to the robot,[], robot,300
2025-04-20 19:08:17,475:task_manager:, Assign Outbound, not load outbound, Outbound Task assigned to the robot,[], robot,300
2025-04-20 19:08:18,004:task_manager:, Assign Outbound, not load outbound, Outbound Task assigned to the robot,[], robot,300
2025-04-20 19:09:44,102:task_manager:, Assign Outbound, not load outbound, Outbound Task assigned to the robot,[[1030, <geometry.Point object at 0x7fa2af45a8a0>]], robot,300
2025-04-20 19:10:45,842:task_manager:, Assign Outbound, not load outbound, Outbound Task assigned to the robot,[], robot,300
2025-04-20 19:11:28,793:task_manager:, Assign Outbound, not load outbound, Outbound Task assigned to the robot,[], robot,300
2025-04-20 19:12:13,052:task_manager:, Assign Outbound, not load outbound, Outbound Task assigned to the robot,[[1109, <geometry.Point object at 0x7fa2b111be00>], [1108, <geometry.Point object at 0x7fa2af4a3bc0>]], robot,300
2025-04-20 19:13:36,007:task_manager:, Assign Outbound, not load outbound, Outbound Task assigned to the robot,[[1146, <geometry.Point object at 0x7fa2adc0ffe0>], [1185, <geometry.Point object at 0x7fa2b1119460>]], robot,300
2025-04-20 19:15:05,559:task_manager:, Assign Outbound, not load outbound, Outbound Task assigned to the robot,[], robot,300
2025-04-20 19:15:43,523:task_manager:, Assign Outbound, not load outbound, Outbound Task assigned to the robot,[], robot,300
2025-04-20 19:16:03,442:task_manager:, Assign Outbound, not load outbound, Outbound Task assigned to the robot,[], robot,300
2025-04-20 19:16:09,422:task_manager:, Assign Outbound, not load outbound, Outbound Task assigned to the robot,[], robot,300
2025-04-20 19:18:08,007:task_manager:, Assign Outbound, not load outbound, Outbound Task assigned to the robot,[], robot,300
2025-04-20 19:18:29,982:task_manager:, Assign Outbound, not load outbound, Outbound Task assigned to the robot,[], robot,300
2025-04-20 19:18:56,990:task_manager:, Assign Outbound, not load outbound, Outbound Task assigned to the robot,[[1017, <geometry.Point object at 0x7fa2b111bb60>]], robot,300
2025-04-20 19:19:55,837:task_manager:, Assign Outbound, not load outbound, Outbound Task assigned to the robot,[[1161, <geometry.Point object at 0x7fa2af4a1c70>], [1162, <geometry.Point object at 0x7fa2af45b620>]], robot,300
2025-04-20 19:21:53,983:task_manager:, Assign Outbound, not load outbound, Outbound Task assigned to the robot,[[1164, <geometry.Point object at 0x7fa2af533020>]], robot,300
2025-04-20 19:35:10,615:task_manager:, Assign Outbound, not load outbound, Outbound Task assigned to the robot,[], robot,300
2025-04-20 19:35:41,336:task_manager:, Assign Outbound, not load outbound, Outbound Task assigned to the robot,[], robot,300
2025-04-20 19:36:49,335:task_manager:, Assign Outbound, not load outbound, Outbound Task assigned to the robot,[], robot,300
2025-04-20 19:37:31,112:task_manager:, Assign Outbound, not load outbound, Outbound Task assigned to the robot,[], robot,300
2025-04-20 19:37:37,074:task_manager:, Assign Outbound, not load outbound, Outbound Task assigned to the robot,[], robot,300
2025-04-20 19:38:57,670:task_manager:, Assign Outbound, not load outbound, Outbound Task assigned to the robot,[], robot,300
2025-04-20 19:39:42,906:task_manager:, Assign Outbound, not load outbound, Outbound Task assigned to the robot,[], robot,300
2025-04-20 19:39:48,872:task_manager:, Assign Outbound, not load outbound, Outbound Task assigned to the robot,[], robot,300
2025-04-20 19:41:11,727:task_manager:, Assign Outbound, not load outbound, Outbound Task assigned to the robot,[], robot,300
2025-04-20 19:41:58,212:task_manager:, Assign Outbound, not load outbound, Outbound Task assigned to the robot,[], robot,300
2025-04-20 19:42:04,915:task_manager:, Assign Outbound, not load outbound, Outbound Task assigned to the robot,[], robot,300
2025-04-20 19:44:05,591:task_manager:, Assign Outbound, not load outbound, Outbound Task assigned to the robot,[], robot,300
2025-04-20 19:44:23,738:task_manager:, Assign Outbound, not load outbound, Outbound Task assigned to the robot,[], robot,300
2025-04-20 19:44:24,241:task_manager:, Assign Outbound, not load outbound, Outbound Task assigned to the robot,[], robot,300
2025-04-20 19:45:22,146:task_manager:, Assign Outbound, not load outbound, Outbound Task assigned to the robot,[], robot,300
2025-04-20 19:45:42,593:task_manager:, Assign Outbound, not load outbound, Outbound Task assigned to the robot,[], robot,300
2025-04-20 19:45:43,106:task_manager:, Assign Outbound, not load outbound, Outbound Task assigned to the robot,[], robot,300
2025-04-20 22:28:45,453:task_manager:, Assign Outbound, not load outbound, Outbound Task assigned to the robot,[], robot,300
2025-04-20 22:29:16,219:task_manager:, Assign Outbound, not load outbound, Outbound Task assigned to the robot,[], robot,300
2025-04-20 22:30:22,316:task_manager:, Assign Outbound, not load outbound, Outbound Task assigned to the robot,[], robot,300
2025-04-20 22:31:27,454:task_manager:, Assign Outbound, not load outbound, Outbound Task assigned to the robot,[], robot,300
2025-04-20 22:33:17,527:task_manager:, Assign Outbound, not load outbound, Outbound Task assigned to the robot,[], robot,300
2025-04-20 22:34:11,056:task_manager:, Assign Outbound, not load outbound, Outbound Task assigned to the robot,[], robot,303
2025-04-20 22:34:11,056:task_manager:, Assign Outbound, not load outbound, Outbound Task assigned to the robot,[], robot,302
2025-04-20 22:35:23,298:task_manager:, Assign Outbound, not load outbound, Outbound Task assigned to the robot,[], robot,302
2025-04-20 22:35:23,397:task_manager:, Assign Outbound, not load outbound, Outbound Task assigned to the robot,[], robot,301
2025-04-20 22:36:03,779:task_manager:, Assign Outbound, not load outbound, Outbound Task assigned to the robot,[], robot,303
2025-04-20 22:36:03,891:task_manager:, Assign Outbound, not load outbound, Outbound Task assigned to the robot,[], robot,300
2025-04-20 22:37:26,306:task_manager:, Assign Outbound, not load outbound, Outbound Task assigned to the robot,[[1087, <geometry.Point object at 0x7f040f1bf560>]], robot,302
2025-04-20 22:38:00,258:task_manager:, Assign Outbound, not load outbound, Outbound Task assigned to the robot,[], robot,300
2025-04-20 22:38:00,420:task_manager:, Assign Outbound, not load outbound, Outbound Task assigned to the robot,[], robot,304
2025-04-20 22:38:01,061:task_manager:, Assign Outbound, not load outbound, Outbound Task assigned to the robot,[], robot,304
2025-04-20 22:38:01,206:task_manager:, Assign Outbound, not load outbound, Outbound Task assigned to the robot,[], robot,305
2025-04-20 22:38:01,895:task_manager:, Assign Outbound, not load outbound, Outbound Task assigned to the robot,[], robot,305
2025-04-20 22:38:02,265:task_manager:, Assign Outbound, not load outbound, Outbound Task assigned to the robot,[], robot,301
2025-04-20 22:38:49,726:task_manager:, Assign Outbound, not load outbound, Outbound Task assigned to the robot,[], robot,302
2025-04-20 22:38:56,531:task_manager:, Assign Outbound, not load outbound, Outbound Task assigned to the robot,[], robot,302
2025-04-20 22:39:36,201:task_manager:, Assign Outbound, not load outbound, Outbound Task assigned to the robot,[], robot,303
2025-04-20 22:39:55,423:task_manager:, Assign Outbound, not load outbound, Outbound Task assigned to the robot,[[1098, <geometry.Point object at 0x7f040f1bee40>]], robot,304
2025-04-20 22:39:58,907:task_manager:, Assign Outbound, not load outbound, Outbound Task assigned to the robot,[], robot,300
2025-04-20 22:40:00,463:task_manager:, Assign Outbound, not load outbound, Outbound Task assigned to the robot,[], robot,301
2025-04-20 22:40:01,941:task_manager:, Assign Outbound, not load outbound, Outbound Task assigned to the robot,[], robot,303
2025-04-20 22:40:08,580:task_manager:, Assign Outbound, not load outbound, Outbound Task assigned to the robot,[], robot,303
2025-04-20 22:40:34,452:task_manager:, Assign Outbound, not load outbound, Outbound Task assigned to the robot,[], robot,305
2025-04-20 22:42:12,050:task_manager:, Assign Outbound, not load outbound, Outbound Task assigned to the robot,[], robot,303
2025-04-20 22:42:12,051:task_manager:, Assign Outbound, not load outbound, Outbound Task assigned to the robot,[], robot,302
2025-04-20 22:45:30,072:task_manager:, Assign Outbound, not load outbound, Outbound Task assigned to the robot,[], robot,303
2025-04-20 22:45:30,072:task_manager:, Assign Outbound, not load outbound, Outbound Task assigned to the robot,[], robot,302
2025-04-20 22:46:24,020:task_manager:, Assign Outbound, not load outbound, Outbound Task assigned to the robot,[], robot,303
2025-04-20 22:46:24,020:task_manager:, Assign Outbound, not load outbound, Outbound Task assigned to the robot,[], robot,302
2025-04-20 22:47:09,329:task_manager:, Assign Outbound, not load outbound, Outbound Task assigned to the robot,[], robot,303
2025-04-20 22:47:09,329:task_manager:, Assign Outbound, not load outbound, Outbound Task assigned to the robot,[], robot,302
2025-04-20 22:49:33,062:task_manager:, Assign Outbound, not load outbound, Outbound Task assigned to the robot,[], robot,303
2025-04-20 22:49:33,062:task_manager:, Assign Outbound, not load outbound, Outbound Task assigned to the robot,[], robot,302
2025-04-20 22:50:02,327:task_manager:, Assign Outbound, not load outbound, Outbound Task assigned to the robot,[], robot,303
2025-04-20 22:50:02,328:task_manager:, Assign Outbound, not load outbound, Outbound Task assigned to the robot,[[1154, <geometry.Point object at 0x7f39434b7860>]], robot,302
2025-04-21 00:15:39,088:task_manager:, Assign Outbound, not load outbound, Outbound Task assigned to the robot,[], robot,303
2025-04-21 00:15:39,088:task_manager:, Assign Outbound, not load outbound, Outbound Task assigned to the robot,[], robot,302
2025-04-21 00:16:29,973:task_manager:, Assign Outbound, not load outbound, Outbound Task assigned to the robot,[], robot,303
2025-04-21 00:16:29,974:task_manager:, Assign Outbound, not load outbound, Outbound Task assigned to the robot,[], robot,302
2025-04-21 00:19:04,252:task_manager:, Assign Outbound, not load outbound, Outbound Task assigned to the robot,[], robot,302
2025-04-21 00:19:16,254:task_manager:, Assign Outbound, not load outbound, Outbound Task assigned to the robot,[], robot,300
2025-04-21 00:20:12,657:task_manager:, Assign Outbound, not load outbound, Outbound Task assigned to the robot,[], robot,302
2025-04-21 00:20:12,781:task_manager:, Assign Outbound, not load outbound, Outbound Task assigned to the robot,[], robot,301
2025-04-21 00:20:55,751:task_manager:, Assign Outbound, not load outbound, Outbound Task assigned to the robot,[], robot,300
2025-04-21 00:20:55,914:task_manager:, Assign Outbound, not load outbound, Outbound Task assigned to the robot,[], robot,303
2025-04-21 00:22:03,140:task_manager:, Assign Outbound, not load outbound, Outbound Task assigned to the robot,[], robot,302
2025-04-21 00:22:15,122:task_manager:, Assign Outbound, not load outbound, Outbound Task assigned to the robot,[], robot,300
2025-04-21 00:22:29,366:task_manager:, Assign Outbound, not load outbound, Outbound Task assigned to the robot,[], robot,302
2025-04-21 00:22:38,766:task_manager:, Assign Outbound, not load outbound, Outbound Task assigned to the robot,[], robot,300
2025-04-21 00:23:13,656:task_manager:, Assign Outbound, not load outbound, Outbound Task assigned to the robot,[[1154, <geometry.Point object at 0x7fa06905f8f0>]], robot,302
2025-04-21 00:23:41,471:task_manager:, Assign Outbound, not load outbound, Outbound Task assigned to the robot,[], robot,302
2025-04-21 00:23:55,971:task_manager:, Assign Outbound, not load outbound, Outbound Task assigned to the robot,[], robot,300
2025-04-21 00:24:27,206:task_manager:, Assign Outbound, not load outbound, Outbound Task assigned to the robot,[], robot,302
2025-04-21 00:24:50,225:task_manager:, Assign Outbound, not load outbound, Outbound Task assigned to the robot,[], robot,302
2025-04-21 00:25:04,897:task_manager:, Assign Outbound, not load outbound, Outbound Task assigned to the robot,[], robot,300
2025-04-21 00:25:58,515:task_manager:, Assign Outbound, not load outbound, Outbound Task assigned to the robot,[], robot,302
2025-04-21 00:25:58,688:task_manager:, Assign Outbound, not load outbound, Outbound Task assigned to the robot,[], robot,301
2025-04-21 00:26:43,153:task_manager:, Assign Outbound, not load outbound, Outbound Task assigned to the robot,[], robot,300
2025-04-21 00:26:43,316:task_manager:, Assign Outbound, not load outbound, Outbound Task assigned to the robot,[], robot,303
2025-04-21 00:28:11,704:task_manager:, Assign Outbound, not load outbound, Outbound Task assigned to the robot,[], robot,302
2025-04-21 00:28:45,962:task_manager:, Assign Outbound, not load outbound, Outbound Task assigned to the robot,[], robot,302
2025-04-21 00:29:00,759:task_manager:, Assign Outbound, not load outbound, Outbound Task assigned to the robot,[], robot,300
2025-04-21 00:29:55,505:task_manager:, Assign Outbound, not load outbound, Outbound Task assigned to the robot,[], robot,302
2025-04-21 00:29:55,696:task_manager:, Assign Outbound, not load outbound, Outbound Task assigned to the robot,[], robot,301
2025-04-21 00:30:40,632:task_manager:, Assign Outbound, not load outbound, Outbound Task assigned to the robot,[], robot,300
2025-04-21 00:30:40,786:task_manager:, Assign Outbound, not load outbound, Outbound Task assigned to the robot,[], robot,303
2025-04-21 00:31:27,920:task_manager:, Assign Outbound, not load outbound, Outbound Task assigned to the robot,[], robot,302
2025-04-21 00:32:26,680:task_manager:, Assign Outbound, not load outbound, Outbound Task assigned to the robot,[], robot,300
2025-04-21 00:32:31,145:task_manager:, Assign Outbound, not load outbound, Outbound Task assigned to the robot,[], robot,301
2025-04-21 00:32:31,282:task_manager:, Assign Outbound, not load outbound, Outbound Task assigned to the robot,[], robot,305
2025-04-21 00:32:31,893:task_manager:, Assign Outbound, not load outbound, Outbound Task assigned to the robot,[], robot,305
2025-04-21 00:32:32,014:task_manager:, Assign Outbound, not load outbound, Outbound Task assigned to the robot,[], robot,304
2025-04-21 00:32:32,667:task_manager:, Assign Outbound, not load outbound, Outbound Task assigned to the robot,[], robot,304
2025-04-21 00:32:38,864:task_manager:, Assign Outbound, not load outbound, Outbound Task assigned to the robot,[], robot,303
2025-04-21 00:33:07,934:task_manager:, Assign Outbound, not load outbound, Outbound Task assigned to the robot,[], robot,300
2025-04-21 00:33:18,132:task_manager:, Assign Outbound, not load outbound, Outbound Task assigned to the robot,[], robot,300
2025-04-21 00:33:33,046:task_manager:, Assign Outbound, not load outbound, Outbound Task assigned to the robot,[], robot,302
2025-04-21 00:33:59,244:task_manager:, Assign Outbound, not load outbound, Outbound Task assigned to the robot,[], robot,301
2025-04-21 00:34:12,426:task_manager:, Assign Outbound, not load outbound, Outbound Task assigned to the robot,[], robot,303
2025-04-21 00:34:31,426:task_manager:, Assign Outbound, not load outbound, Outbound Task assigned to the robot,[], robot,304
2025-04-21 00:34:32,882:task_manager:, Assign Outbound, not load outbound, Outbound Task assigned to the robot,[], robot,302
2025-04-21 00:34:44,571:task_manager:, Assign Outbound, not load outbound, Outbound Task assigned to the robot,[], robot,305
2025-04-21 00:34:53,287:task_manager:, Assign Outbound, not load outbound, Outbound Task assigned to the robot,[], robot,301
2025-04-21 00:34:56,633:task_manager:, Assign Outbound, not load outbound, Outbound Task assigned to the robot,[], robot,300
2025-04-21 00:35:03,596:task_manager:, Assign Outbound, not load outbound, Outbound Task assigned to the robot,[], robot,301
2025-04-21 00:35:31,001:task_manager:, Assign Outbound, not load outbound, Outbound Task assigned to the robot,[], robot,302
2025-04-21 00:35:57,194:task_manager:, Assign Outbound, not load outbound, Outbound Task assigned to the robot,[], robot,302
2025-04-21 00:39:09,471:task_manager:, Assign Outbound, not load outbound, Outbound Task assigned to the robot,[], robot,302
2025-04-21 00:39:24,150:task_manager:, Assign Outbound, not load outbound, Outbound Task assigned to the robot,[], robot,300
2025-04-21 00:40:17,597:task_manager:, Assign Outbound, not load outbound, Outbound Task assigned to the robot,[], robot,302
2025-04-21 00:40:17,708:task_manager:, Assign Outbound, not load outbound, Outbound Task assigned to the robot,[], robot,301
2025-04-21 00:41:02,896:task_manager:, Assign Outbound, not load outbound, Outbound Task assigned to the robot,[], robot,300
2025-04-21 00:41:03,076:task_manager:, Assign Outbound, not load outbound, Outbound Task assigned to the robot,[], robot,303
2025-04-21 00:42:23,673:task_manager:, Assign Outbound, not load outbound, Outbound Task assigned to the robot,[], robot,301
2025-04-21 00:42:23,815:task_manager:, Assign Outbound, not load outbound, Outbound Task assigned to the robot,[], robot,305
2025-04-21 00:42:24,450:task_manager:, Assign Outbound, not load outbound, Outbound Task assigned to the robot,[], robot,305
2025-04-21 00:42:24,569:task_manager:, Assign Outbound, not load outbound, Outbound Task assigned to the robot,[], robot,304
2025-04-21 00:42:25,238:task_manager:, Assign Outbound, not load outbound, Outbound Task assigned to the robot,[], robot,304
2025-04-21 00:42:25,895:task_manager:, Assign Outbound, not load outbound, Outbound Task assigned to the robot,[], robot,302
2025-04-21 00:42:57,696:task_manager:, Assign Outbound, not load outbound, Outbound Task assigned to the robot,[], robot,303
2025-04-21 00:43:16,049:task_manager:, Assign Outbound, not load outbound, Outbound Task assigned to the robot,[], robot,300
2025-04-21 00:43:19,314:task_manager:, Assign Outbound, not load outbound, Outbound Task assigned to the robot,[], robot,301
2025-04-21 00:43:21,489:task_manager:, Assign Outbound, not load outbound, Outbound Task assigned to the robot,[], robot,305
2025-04-21 00:43:23,940:task_manager:, Assign Outbound, not load outbound, Outbound Task assigned to the robot,[], robot,302
2025-04-21 00:43:30,662:task_manager:, Assign Outbound, not load outbound, Outbound Task assigned to the robot,[], robot,302
2025-04-21 00:43:41,832:task_manager:, Assign Outbound, not load outbound, Outbound Task assigned to the robot,[], robot,304
2025-04-21 00:43:44,579:task_manager:, Assign Outbound, not load outbound, Outbound Task assigned to the robot,[], robot,301
2025-04-21 00:43:59,540:task_manager:, Assign Outbound, not load outbound, Outbound Task assigned to the robot,[], robot,301
2025-04-21 00:44:33,353:task_manager:, Assign Outbound, not load outbound, Outbound Task assigned to the robot,[], robot,302
2025-04-21 00:44:46,385:task_manager:, Assign Outbound, not load outbound, Outbound Task assigned to the robot,[], robot,303
2025-04-21 00:44:48,872:task_manager:, Assign Outbound, not load outbound, Outbound Task assigned to the robot,[], robot,300
2025-04-21 00:45:15,624:task_manager:, Assign Outbound, not load outbound, Outbound Task assigned to the robot,[], robot,301
2025-04-21 00:46:02,425:task_manager:, Assign Outbound, not load outbound, Outbound Task assigned to the robot,[], robot,303
2025-04-21 00:46:34,251:task_manager:, Assign Outbound, not load outbound, Outbound Task assigned to the robot,[], robot,303
2025-04-21 00:46:34,517:task_manager:, Assign Outbound, not load outbound, Outbound Task assigned to the robot,[], robot,305
2025-04-21 00:46:35,207:task_manager:, Assign Outbound, not load outbound, Outbound Task assigned to the robot,[], robot,305
2025-04-21 00:46:36,413:task_manager:, Assign Outbound, not load outbound, Outbound Task assigned to the robot,[], robot,300
2025-04-21 00:46:41,673:task_manager:, Assign Outbound, not load outbound, Outbound Task assigned to the robot,[], robot,302
2025-04-21 00:46:50,418:task_manager:, Assign Outbound, not load outbound, Outbound Task assigned to the robot,[], robot,302
2025-04-21 00:47:09,281:task_manager:, Assign Outbound, not load outbound, Outbound Task assigned to the robot,[], robot,304
2025-04-21 00:47:09,944:task_manager:, Assign Outbound, not load outbound, Outbound Task assigned to the robot,[], robot,304
2025-04-21 00:48:20,931:task_manager:, Assign Outbound, not load outbound, Outbound Task assigned to the robot,[], robot,300
2025-04-21 00:48:47,727:task_manager:, Assign Outbound, not load outbound, Outbound Task assigned to the robot,[], robot,302
2025-04-21 00:48:47,858:task_manager:, Assign Outbound, not load outbound, Outbound Task assigned to the robot,[], robot,305
2025-04-21 00:48:55,558:task_manager:, Assign Outbound, not load outbound, Outbound Task assigned to the robot,[], robot,304
2025-04-21 00:49:06,695:task_manager:, Assign Outbound, not load outbound, Outbound Task assigned to the robot,[], robot,303
2025-04-21 00:49:09,053:task_manager:, Assign Outbound, not load outbound, Outbound Task assigned to the robot,[], robot,300
2025-04-21 00:49:19,105:task_manager:, Assign Outbound, not load outbound, Outbound Task assigned to the robot,[], robot,300
2025-04-21 00:50:09,522:task_manager:, Assign Outbound, not load outbound, Outbound Task assigned to the robot,[], robot,302
2025-04-21 00:50:24,180:task_manager:, Assign Outbound, not load outbound, Outbound Task assigned to the robot,[], robot,300
2025-04-21 00:51:18,039:task_manager:, Assign Outbound, not load outbound, Outbound Task assigned to the robot,[], robot,302
2025-04-21 00:51:18,158:task_manager:, Assign Outbound, not load outbound, Outbound Task assigned to the robot,[], robot,301
2025-04-21 00:52:03,331:task_manager:, Assign Outbound, not load outbound, Outbound Task assigned to the robot,[], robot,300
2025-04-21 00:52:03,521:task_manager:, Assign Outbound, not load outbound, Outbound Task assigned to the robot,[], robot,303
2025-04-21 00:53:24,550:task_manager:, Assign Outbound, not load outbound, Outbound Task assigned to the robot,[], robot,301
2025-04-21 00:53:24,685:task_manager:, Assign Outbound, not load outbound, Outbound Task assigned to the robot,[], robot,305
2025-04-21 00:53:25,273:task_manager:, Assign Outbound, not load outbound, Outbound Task assigned to the robot,[], robot,305
2025-04-21 00:53:25,376:task_manager:, Assign Outbound, not load outbound, Outbound Task assigned to the robot,[], robot,304
2025-04-21 00:53:25,997:task_manager:, Assign Outbound, not load outbound, Outbound Task assigned to the robot,[], robot,304
2025-04-21 00:53:31,374:task_manager:, Assign Outbound, not load outbound, Outbound Task assigned to the robot,[], robot,302
2025-04-21 00:53:56,894:task_manager:, Assign Outbound, not load outbound, Outbound Task assigned to the robot,[], robot,303
2025-04-21 00:54:03,972:task_manager:, Assign Outbound, not load outbound, Outbound Task assigned to the robot,[], robot,300
2025-04-21 00:54:11,203:task_manager:, Assign Outbound, not load outbound, Outbound Task assigned to the robot,[], robot,304
2025-04-21 00:55:30,852:task_manager:, Assign Outbound, not load outbound, Outbound Task assigned to the robot,[], robot,301
2025-04-21 00:55:38,113:task_manager:, Assign Outbound, not load outbound, Outbound Task assigned to the robot,[], robot,302
2025-04-21 00:55:45,227:task_manager:, Assign Outbound, not load outbound, Outbound Task assigned to the robot,[], robot,302
2025-04-21 00:55:50,744:task_manager:, Assign Outbound, not load outbound, Outbound Task assigned to the robot,[], robot,304
2025-04-21 00:55:51,345:task_manager:, Assign Outbound, not load outbound, Outbound Task assigned to the robot,[], robot,304
2025-04-21 00:55:59,864:task_manager:, Assign Outbound, not load outbound, Outbound Task assigned to the robot,[], robot,303
2025-04-21 00:56:23,030:task_manager:, Assign Outbound, not load outbound, Outbound Task assigned to the robot,[], robot,300
2025-04-21 00:56:29,560:task_manager:, Assign Outbound, not load outbound, Outbound Task assigned to the robot,[], robot,300
2025-04-21 00:56:34,735:task_manager:, Assign Outbound, not load outbound, Outbound Task assigned to the robot,[], robot,304
2025-04-21 00:56:47,505:task_manager:, Assign Outbound, not load outbound, Outbound Task assigned to the robot,[], robot,305
2025-04-21 00:56:50,172:task_manager:, Assign Outbound, not load outbound, Outbound Task assigned to the robot,[], robot,301
2025-04-21 00:56:56,910:task_manager:, Assign Outbound, not load outbound, Outbound Task assigned to the robot,[], robot,301
2025-04-21 00:57:04,260:task_manager:, Assign Outbound, not load outbound, Outbound Task assigned to the robot,[[1110, <geometry.Point object at 0x7fa8dc206ed0>]], robot,302
2025-04-21 00:57:46,016:task_manager:, Assign Outbound, not load outbound, Outbound Task assigned to the robot,[], robot,305
2025-04-21 00:57:53,302:task_manager:, Assign Outbound, not load outbound, Outbound Task assigned to the robot,[], robot,305
2025-04-21 00:58:04,607:task_manager:, Assign Outbound, not load outbound, Outbound Task assigned to the robot,[], robot,300
2025-04-21 00:58:18,456:task_manager:, Assign Outbound, not load outbound, Outbound Task assigned to the robot,[], robot,304
2025-04-21 00:58:19,162:task_manager:, Assign Outbound, not load outbound, Outbound Task assigned to the robot,[], robot,304
2025-04-21 00:58:20,509:task_manager:, Assign Outbound, not load outbound, Outbound Task assigned to the robot,[], robot,303
2025-04-21 00:58:21,159:task_manager:, Assign Outbound, not load outbound, Outbound Task assigned to the robot,[], robot,303
2025-04-21 00:58:23,543:task_manager:, Assign Outbound, not load outbound, Outbound Task assigned to the robot,[], robot,301
2025-04-21 00:58:29,112:task_manager:, Assign Outbound, not load outbound, Outbound Task assigned to the robot,[], robot,302
2025-04-21 00:58:35,963:task_manager:, Assign Outbound, not load outbound, Outbound Task assigned to the robot,[], robot,302
2025-04-21 01:00:43,948:task_manager:, Assign Outbound, not load outbound, Outbound Task assigned to the robot,[], robot,302
2025-04-21 01:00:58,924:task_manager:, Assign Outbound, not load outbound, Outbound Task assigned to the robot,[], robot,300
2025-04-21 01:01:55,742:task_manager:, Assign Outbound, not load outbound, Outbound Task assigned to the robot,[], robot,302
2025-04-21 01:01:55,907:task_manager:, Assign Outbound, not load outbound, Outbound Task assigned to the robot,[], robot,301
2025-04-21 01:02:43,065:task_manager:, Assign Outbound, not load outbound, Outbound Task assigned to the robot,[], robot,300
2025-04-21 01:02:43,220:task_manager:, Assign Outbound, not load outbound, Outbound Task assigned to the robot,[], robot,303
2025-04-21 01:03:54,411:task_manager:, Assign Outbound, not load outbound, Outbound Task assigned to the robot,[], robot,302
2025-04-21 01:04:21,998:task_manager:, Assign Outbound, not load outbound, Outbound Task assigned to the robot,[], robot,301
2025-04-21 01:04:23,705:task_manager:, Assign Outbound, not load outbound, Outbound Task assigned to the robot,[], robot,300
2025-04-21 01:04:49,130:task_manager:, Assign Outbound, not load outbound, Outbound Task assigned to the robot,[], robot,303
2025-04-21 01:05:04,448:task_manager:, Assign Outbound, not load outbound, Outbound Task assigned to the robot,[], robot,302
2025-04-21 01:05:12,695:task_manager:, Assign Outbound, not load outbound, Outbound Task assigned to the robot,[], robot,300
2025-04-21 01:05:15,788:task_manager:, Assign Outbound, not load outbound, Outbound Task assigned to the robot,[], robot,302
2025-04-21 01:05:20,869:task_manager:, Assign Outbound, not load outbound, Outbound Task assigned to the robot,[], robot,300
2025-04-21 01:06:18,908:task_manager:, Assign Outbound, not load outbound, Outbound Task assigned to the robot,[], robot,301
2025-04-21 01:06:30,399:task_manager:, Assign Outbound, not load outbound, Outbound Task assigned to the robot,[], robot,303
2025-04-21 01:06:39,598:task_manager:, Assign Outbound, not load outbound, Outbound Task assigned to the robot,[], robot,305
2025-04-21 01:06:40,301:task_manager:, Assign Outbound, not load outbound, Outbound Task assigned to the robot,[], robot,305
2025-04-21 01:06:56,861:task_manager:, Assign Outbound, not load outbound, Outbound Task assigned to the robot,[], robot,303
2025-04-21 01:07:05,072:task_manager:, Assign Outbound, not load outbound, Outbound Task assigned to the robot,[], robot,303
2025-04-21 01:07:57,375:task_manager:, Assign Outbound, not load outbound, Outbound Task assigned to the robot,[], robot,301
2025-04-21 01:07:57,560:task_manager:, Assign Outbound, not load outbound, Outbound Task assigned to the robot,[], robot,302
2025-04-21 01:07:58,220:task_manager:, Assign Outbound, not load outbound, Outbound Task assigned to the robot,[[1036, <geometry.Point object at 0x7fd72d3454c0>]], robot,300
2025-04-21 01:08:05,765:task_manager:, Assign Outbound, not load outbound, Outbound Task assigned to the robot,[], robot,301
2025-04-21 01:08:33,074:task_manager:, Assign Outbound, not load outbound, Outbound Task assigned to the robot,[], robot,303
2025-04-21 01:08:48,679:task_manager:, Assign Outbound, not load outbound, Outbound Task assigned to the robot,[[1019, <geometry.Point object at 0x7fd72ca8b110>]], robot,305
2025-04-21 01:09:08,045:task_manager:, Assign Outbound, not load outbound, Outbound Task assigned to the robot,[], robot,304
2025-04-21 01:09:08,652:task_manager:, Assign Outbound, not load outbound, Outbound Task assigned to the robot,[], robot,304
2025-04-21 01:09:43,333:task_manager:, Assign Outbound, not load outbound, Outbound Task assigned to the robot,[], robot,301
2025-04-21 01:10:41,006:task_manager:, Assign Outbound, not load outbound, Outbound Task assigned to the robot,[], robot,305
2025-04-21 01:10:54,608:task_manager:, Assign Outbound, not load outbound, Outbound Task assigned to the robot,[], robot,305
2025-04-21 01:10:58,780:task_manager:, Assign Outbound, not load outbound, Outbound Task assigned to the robot,[], robot,301
2025-04-21 01:11:05,576:task_manager:, Assign Outbound, not load outbound, Outbound Task assigned to the robot,[], robot,301
2025-04-21 01:11:39,664:task_manager:, Assign Outbound, not load outbound, Outbound Task assigned to the robot,[], robot,300
2025-04-21 01:11:53,676:task_manager:, Assign Outbound, not load outbound, Outbound Task assigned to the robot,[], robot,300
2025-04-21 01:12:25,052:task_manager:, Assign Outbound, not load outbound, Outbound Task assigned to the robot,[], robot,304
2025-04-21 01:12:36,141:task_manager:, Assign Outbound, not load outbound, Outbound Task assigned to the robot,[], robot,301
2025-04-21 01:12:49,160:task_manager:, Assign Outbound, not load outbound, Outbound Task assigned to the robot,[], robot,305
2025-04-21 01:13:06,931:task_manager:, Assign Outbound, not load outbound, Outbound Task assigned to the robot,[], robot,304
2025-04-21 01:13:15,010:task_manager:, Assign Outbound, not load outbound, Outbound Task assigned to the robot,[], robot,301
2025-04-21 01:13:18,575:task_manager:, Assign Outbound, not load outbound, Outbound Task assigned to the robot,[], robot,304
2025-04-21 01:13:23,834:task_manager:, Assign Outbound, not load outbound, Outbound Task assigned to the robot,[], robot,301
2025-04-21 01:13:36,257:task_manager:, Assign Outbound, not load outbound, Outbound Task assigned to the robot,[], robot,305
2025-04-21 01:13:43,173:task_manager:, Assign Outbound, not load outbound, Outbound Task assigned to the robot,[], robot,300
2025-04-21 01:13:48,480:task_manager:, Assign Outbound, not load outbound, Outbound Task assigned to the robot,[], robot,305
2025-04-21 01:14:50,261:task_manager:, Assign Outbound, not load outbound, Outbound Task assigned to the robot,[], robot,300
2025-04-21 01:14:55,768:task_manager:, Assign Outbound, not load outbound, Outbound Task assigned to the robot,[], robot,305
2025-04-21 01:15:01,189:task_manager:, Assign Outbound, not load outbound, Outbound Task assigned to the robot,[], robot,300
2025-04-21 01:15:08,225:task_manager:, Assign Outbound, not load outbound, Outbound Task assigned to the robot,[], robot,301
2025-04-21 01:15:18,101:task_manager:, Assign Outbound, not load outbound, Outbound Task assigned to the robot,[], robot,305
2025-04-21 01:15:21,195:task_manager:, Assign Outbound, not load outbound, Outbound Task assigned to the robot,[], robot,304
2025-04-21 01:15:32,283:task_manager:, Assign Outbound, not load outbound, Outbound Task assigned to the robot,[], robot,305
2025-04-21 01:15:44,240:task_manager:, Assign Outbound, not load outbound, Outbound Task assigned to the robot,[], robot,301
2025-04-21 01:15:57,463:task_manager:, Assign Outbound, not load outbound, Outbound Task assigned to the robot,[], robot,301
2025-04-21 01:16:11,557:task_manager:, Assign Outbound, not load outbound, Outbound Task assigned to the robot,[], robot,304
2025-04-21 01:16:24,274:task_manager:, Assign Outbound, not load outbound, Outbound Task assigned to the robot,[], robot,304
2025-04-21 01:17:18,325:task_manager:, Assign Outbound, not load outbound, Outbound Task assigned to the robot,[], robot,300
2025-04-21 01:17:30,612:task_manager:, Assign Outbound, not load outbound, Outbound Task assigned to the robot,[[1172, <geometry.Point object at 0x7fd72ca71070>]], robot,301
2025-04-21 01:17:57,645:task_manager:, Assign Outbound, not load outbound, Outbound Task assigned to the robot,[], robot,305
2025-04-21 01:17:58,297:task_manager:, Assign Outbound, not load outbound, Outbound Task assigned to the robot,[], robot,303
2025-04-21 01:17:58,999:task_manager:, Assign Outbound, not load outbound, Outbound Task assigned to the robot,[], robot,303
2025-04-21 01:18:31,309:task_manager:, Assign Outbound, not load outbound, Outbound Task assigned to the robot,[], robot,304
2025-04-21 01:18:45,367:task_manager:, Assign Outbound, not load outbound, Outbound Task assigned to the robot,[], robot,301
2025-04-21 01:18:52,972:task_manager:, Assign Outbound, not load outbound, Outbound Task assigned to the robot,[], robot,301
2025-04-21 01:18:55,348:task_manager:, Assign Outbound, not load outbound, Outbound Task assigned to the robot,[], robot,300
2025-04-21 01:18:59,730:task_manager:, Assign Outbound, not load outbound, Outbound Task assigned to the robot,[], robot,303
2025-04-21 01:19:06,913:task_manager:, Assign Outbound, not load outbound, Outbound Task assigned to the robot,[], robot,300
2025-04-21 01:19:16,538:task_manager:, Assign Outbound, not load outbound, Outbound Task assigned to the robot,[], robot,305
2025-04-21 01:19:28,255:task_manager:, Assign Outbound, not load outbound, Outbound Task assigned to the robot,[], robot,305
2025-04-21 01:19:49,133:task_manager:, Assign Outbound, not load outbound, Outbound Task assigned to the robot,[], robot,304
2025-04-21 01:19:56,095:task_manager:, Assign Outbound, not load outbound, Outbound Task assigned to the robot,[], robot,303
2025-04-21 01:19:59,777:task_manager:, Assign Outbound, not load outbound, Outbound Task assigned to the robot,[], robot,304
2025-04-21 01:20:18,912:task_manager:, Assign Outbound, not load outbound, Outbound Task assigned to the robot,[[1197, <geometry.Point object at 0x7fd72d34e750>]], robot,300
2025-04-21 01:20:23,454:task_manager:, Assign Outbound, not load outbound, Outbound Task assigned to the robot,[], robot,303
2025-04-21 01:20:55,244:task_manager:, Assign Outbound, not load outbound, Outbound Task assigned to the robot,[], robot,305
2025-04-21 01:21:11,817:task_manager:, Assign Outbound, not load outbound, Outbound Task assigned to the robot,[], robot,301
2025-04-21 01:21:26,912:task_manager:, Assign Outbound, not load outbound, Outbound Task assigned to the robot,[], robot,305
2025-04-21 01:21:35,089:task_manager:, Assign Outbound, not load outbound, Outbound Task assigned to the robot,[], robot,305
2025-04-21 20:10:20,246:task_manager:, Assign Outbound, not load outbound, Outbound Task assigned to the robot,[[1153, <geometry.Point object at 0x7feb32ec7260>]], robot,302
2025-04-21 20:10:35,264:task_manager:, Assign Outbound, not load outbound, Outbound Task assigned to the robot,[], robot,300
2025-04-21 20:11:59,924:task_manager:, Assign Outbound, not load outbound, Outbound Task assigned to the robot,[], robot,302
2025-04-21 20:12:00,081:task_manager:, Assign Outbound, not load outbound, Outbound Task assigned to the robot,[], robot,301
2025-04-21 20:12:17,881:task_manager:, Assign Outbound, not load outbound, Outbound Task assigned to the robot,[], robot,300
2025-04-21 20:12:18,053:task_manager:, Assign Outbound, not load outbound, Outbound Task assigned to the robot,[], robot,303
2025-04-21 20:13:55,650:task_manager:, Assign Outbound, not load outbound, Outbound Task assigned to the robot,[], robot,302
2025-04-21 20:14:26,527:task_manager:, Assign Outbound, not load outbound, Outbound Task assigned to the robot,[], robot,301
2025-04-21 20:14:38,657:task_manager:, Assign Outbound, not load outbound, Outbound Task assigned to the robot,[], robot,303
2025-04-21 20:14:49,503:task_manager:, Assign Outbound, not load outbound, Outbound Task assigned to the robot,[], robot,300
2025-04-21 20:15:09,387:task_manager:, Assign Outbound, not load outbound, Outbound Task assigned to the robot,[], robot,302
2025-04-21 20:15:22,020:task_manager:, Assign Outbound, not load outbound, Outbound Task assigned to the robot,[], robot,302
2025-04-21 20:16:12,760:task_manager:, Assign Outbound, not load outbound, Outbound Task assigned to the robot,[], robot,305
2025-04-21 20:16:13,472:task_manager:, Assign Outbound, not load outbound, Outbound Task assigned to the robot,[], robot,305
2025-04-21 20:16:30,747:task_manager:, Assign Outbound, not load outbound, Outbound Task assigned to the robot,[], robot,300
2025-04-21 20:16:38,979:task_manager:, Assign Outbound, not load outbound, Outbound Task assigned to the robot,[], robot,300
2025-04-21 20:16:40,340:task_manager:, Assign Outbound, not load outbound, Outbound Task assigned to the robot,[], robot,301
2025-04-21 20:17:21,197:task_manager:, Assign Outbound, not load outbound, Outbound Task assigned to the robot,[], robot,305
2025-04-21 20:18:46,212:task_manager:, Assign Outbound, not load outbound, Outbound Task assigned to the robot,[], robot,302
2025-04-21 20:26:37,868:task_manager:, Assign Outbound, not load outbound, Outbound Task assigned to the robot,[], robot,302
2025-04-21 20:27:03,889:task_manager:, Assign Outbound, not load outbound, Outbound Task assigned to the robot,[], robot,300
2025-04-21 20:30:44,915:task_manager:, Assign Outbound, not load outbound, Outbound Task assigned to the robot,[], robot,302
2025-04-21 20:31:00,529:task_manager:, Assign Outbound, not load outbound, Outbound Task assigned to the robot,[], robot,300
2025-04-21 20:33:26,122:task_manager:, Assign Outbound, not load outbound, Outbound Task assigned to the robot,[], robot,302
2025-04-21 20:33:39,714:task_manager:, Assign Outbound, not load outbound, Outbound Task assigned to the robot,[], robot,300
2025-04-21 20:35:48,494:task_manager:, Assign Outbound, not load outbound, Outbound Task assigned to the robot,[], robot,302
2025-04-21 20:35:48,580:task_manager:, Assign Outbound, not load outbound, Outbound Task assigned to the robot,[], robot,305
2025-04-21 20:36:02,379:task_manager:, Assign Outbound, not load outbound, Outbound Task assigned to the robot,[], robot,300
2025-04-21 20:36:02,532:task_manager:, Assign Outbound, not load outbound, Outbound Task assigned to the robot,[], robot,303
2025-04-21 20:36:49,810:task_manager:, Assign Outbound, not load outbound, Outbound Task assigned to the robot,[], robot,305
2025-04-21 20:36:49,923:task_manager:, Assign Outbound, not load outbound, Outbound Task assigned to the robot,[], robot,301
2025-04-21 20:37:16,169:task_manager:, Assign Outbound, not load outbound, Outbound Task assigned to the robot,[], robot,302
2025-04-21 20:37:25,866:task_manager:, Assign Outbound, not load outbound, Outbound Task assigned to the robot,[], robot,300
2025-04-21 20:37:51,058:task_manager:, Assign Outbound, not load outbound, Outbound Task assigned to the robot,[], robot,303
2025-04-21 22:07:58,449:task_manager:, Assign Outbound, not load outbound, Outbound Task assigned to the robot,[], robot,302
2025-04-21 22:08:14,071:task_manager:, Assign Outbound, not load outbound, Outbound Task assigned to the robot,[], robot,300
2025-04-21 22:21:57,870:task_manager:, Assign Outbound, not load outbound, Outbound Task assigned to the robot,[], robot,302
2025-04-21 22:22:13,508:task_manager:, Assign Outbound, not load outbound, Outbound Task assigned to the robot,[], robot,300
2025-04-21 22:34:35,393:task_manager:, Assign Outbound, not load outbound, Outbound Task assigned to the robot,[], robot,302
2025-04-21 22:34:51,207:task_manager:, Assign Outbound, not load outbound, Outbound Task assigned to the robot,[], robot,300
2025-04-21 22:37:18,001:task_manager:, Assign Outbound, not load outbound, Outbound Task assigned to the robot,[], robot,302
2025-04-21 22:37:33,596:task_manager:, Assign Outbound, not load outbound, Outbound Task assigned to the robot,[], robot,300
2025-04-21 22:40:22,233:task_manager:, Assign Outbound, not load outbound, Outbound Task assigned to the robot,[], robot,302
2025-04-21 22:40:37,910:task_manager:, Assign Outbound, not load outbound, Outbound Task assigned to the robot,[[1118, <geometry.Point object at 0x7efe7742f470>]], robot,300
2025-04-21 22:51:31,569:task_manager:, Assign Outbound, not load outbound, Outbound Task assigned to the robot,[], robot,302
2025-04-21 22:51:47,206:task_manager:, Assign Outbound, not load outbound, Outbound Task assigned to the robot,[], robot,300
2025-04-21 22:53:02,265:task_manager:, Assign Outbound, not load outbound, Outbound Task assigned to the robot,[], robot,302
2025-04-21 22:53:02,833:task_manager:, Assign Outbound, not load outbound, Outbound Task assigned to the robot,[], robot,301
2025-04-21 22:53:37,885:task_manager:, Assign Outbound, not load outbound, Outbound Task assigned to the robot,[], robot,302
2025-04-21 22:53:53,609:task_manager:, Assign Outbound, not load outbound, Outbound Task assigned to the robot,[], robot,300
2025-04-21 22:57:59,376:task_manager:, Assign Outbound, not load outbound, Outbound Task assigned to the robot,[], robot,302
2025-04-21 22:58:14,844:task_manager:, Assign Outbound, not load outbound, Outbound Task assigned to the robot,[[1116, <geometry.Point object at 0x7f87f3a77800>]], robot,300
2025-04-21 22:59:51,458:task_manager:, Assign Outbound, not load outbound, Outbound Task assigned to the robot,[], robot,302
2025-04-21 23:00:07,117:task_manager:, Assign Outbound, not load outbound, Outbound Task assigned to the robot,[], robot,300
2025-04-21 23:02:24,168:task_manager:, Assign Outbound, not load outbound, Outbound Task assigned to the robot,[[1143, <geometry.Point object at 0x7f4838457530>]], robot,302
2025-04-21 23:02:39,943:task_manager:, Assign Outbound, not load outbound, Outbound Task assigned to the robot,[], robot,300
2025-04-21 23:05:49,588:task_manager:, Assign Outbound, not load outbound, Outbound Task assigned to the robot,[], robot,302
2025-04-21 23:06:05,124:task_manager:, Assign Outbound, not load outbound, Outbound Task assigned to the robot,[], robot,300
2025-04-22 00:32:54,045:task_manager:, Assign Outbound, not load outbound, Outbound Task assigned to the robot,[], robot,302
2025-04-22 00:33:28,396:task_manager:, Assign Outbound, not load outbound, Outbound Task assigned to the robot,[], robot,300
2025-04-22 00:44:27,507:task_manager:, Assign Outbound, not load outbound, Outbound Task assigned to the robot,[], robot,302
2025-04-22 00:44:41,374:task_manager:, Assign Outbound, not load outbound, Outbound Task assigned to the robot,[], robot,300
2025-04-22 00:45:27,425:task_manager:, Assign Outbound, not load outbound, Outbound Task assigned to the robot,[], robot,302
2025-04-22 00:45:27,539:task_manager:, Assign Outbound, not load outbound, Outbound Task assigned to the robot,[[1023, <geometry.Point object at 0x7f68fcc13650>]], robot,301
2025-04-22 00:46:05,972:task_manager:, Assign Outbound, not load outbound, Outbound Task assigned to the robot,[], robot,300
2025-04-22 00:46:06,209:task_manager:, Assign Outbound, not load outbound, Outbound Task assigned to the robot,[], robot,303
2025-04-22 00:47:31,331:task_manager:, Assign Outbound, not load outbound, Outbound Task assigned to the robot,[], robot,302
2025-04-22 00:47:38,864:task_manager:, Assign Outbound, not load outbound, Outbound Task assigned to the robot,[], robot,301
2025-04-22 00:47:38,960:task_manager:, Assign Outbound, not load outbound, Outbound Task assigned to the robot,[], robot,306
2025-04-22 00:47:45,183:task_manager:, Assign Outbound, not load outbound, Outbound Task assigned to the robot,[], robot,300
2025-04-22 00:48:17,345:task_manager:, Assign Outbound, not load outbound, Outbound Task assigned to the robot,[], robot,303
2025-04-22 00:48:17,458:task_manager:, Assign Outbound, not load outbound, Outbound Task assigned to the robot,[], robot,305
2025-04-22 00:48:18,111:task_manager:, Assign Outbound, not load outbound, Outbound Task assigned to the robot,[], robot,305
2025-04-22 00:48:48,274:task_manager:, Assign Outbound, not load outbound, Outbound Task assigned to the robot,[], robot,304
2025-04-22 00:48:48,895:task_manager:, Assign Outbound, not load outbound, Outbound Task assigned to the robot,[], robot,304
2025-04-22 00:49:06,622:task_manager:, Assign Outbound, not load outbound, Outbound Task assigned to the robot,[], robot,301
2025-04-22 00:49:16,095:task_manager:, Assign Outbound, not load outbound, Outbound Task assigned to the robot,[], robot,302
2025-04-22 00:49:42,097:task_manager:, Assign Outbound, not load outbound, Outbound Task assigned to the robot,[], robot,303
2025-04-22 00:52:53,780:task_manager:, Assign Outbound, not load outbound, Outbound Task assigned to the robot,[], robot,302
2025-04-22 00:53:07,653:task_manager:, Assign Outbound, not load outbound, Outbound Task assigned to the robot,[], robot,300
2025-04-22 00:53:53,685:task_manager:, Assign Outbound, not load outbound, Outbound Task assigned to the robot,[], robot,302
2025-04-22 00:53:53,795:task_manager:, Assign Outbound, not load outbound, Outbound Task assigned to the robot,[], robot,301
2025-04-22 00:54:32,070:task_manager:, Assign Outbound, not load outbound, Outbound Task assigned to the robot,[], robot,300
2025-04-22 00:54:32,322:task_manager:, Assign Outbound, not load outbound, Outbound Task assigned to the robot,[], robot,303
2025-04-22 00:55:38,447:task_manager:, Assign Outbound, not load outbound, Outbound Task assigned to the robot,[[1100, <geometry.Point object at 0x7fda28319160>]], robot,302
2025-04-22 00:56:07,992:task_manager:, Assign Outbound, not load outbound, Outbound Task assigned to the robot,[], robot,301
2025-04-22 00:56:08,108:task_manager:, Assign Outbound, not load outbound, Outbound Task assigned to the robot,[], robot,306
2025-04-22 00:56:13,485:task_manager:, Assign Outbound, not load outbound, Outbound Task assigned to the robot,[], robot,303
2025-04-22 00:56:13,607:task_manager:, Assign Outbound, not load outbound, Outbound Task assigned to the robot,[], robot,305
2025-04-22 00:56:14,260:task_manager:, Assign Outbound, not load outbound, Outbound Task assigned to the robot,[], robot,305
2025-04-22 00:56:16,229:task_manager:, Assign Outbound, not load outbound, Outbound Task assigned to the robot,[], robot,300
2025-04-22 00:57:04,820:task_manager:, Assign Outbound, not load outbound, Outbound Task assigned to the robot,[], robot,302
2025-04-22 00:57:11,604:task_manager:, Assign Outbound, not load outbound, Outbound Task assigned to the robot,[], robot,302
2025-04-22 00:57:14,767:task_manager:, Assign Outbound, not load outbound, Outbound Task assigned to the robot,[], robot,304
2025-04-22 00:57:15,425:task_manager:, Assign Outbound, not load outbound, Outbound Task assigned to the robot,[], robot,304
2025-04-22 00:57:27,049:task_manager:, Assign Outbound, not load outbound, Outbound Task assigned to the robot,[], robot,300
2025-04-22 00:57:33,920:task_manager:, Assign Outbound, not load outbound, Outbound Task assigned to the robot,[], robot,300
2025-04-22 00:57:43,304:task_manager:, Assign Outbound, not load outbound, Outbound Task assigned to the robot,[], robot,303
2025-04-22 01:20:22,552:task_manager:, Assign Outbound, not load outbound, Outbound Task assigned to the robot,[], robot,302
2025-04-22 01:20:36,310:task_manager:, Assign Outbound, not load outbound, Outbound Task assigned to the robot,[], robot,300
2025-04-22 01:21:22,069:task_manager:, Assign Outbound, not load outbound, Outbound Task assigned to the robot,[], robot,302
2025-04-22 01:21:22,180:task_manager:, Assign Outbound, not load outbound, Outbound Task assigned to the robot,[], robot,301
2025-04-22 01:21:59,706:task_manager:, Assign Outbound, not load outbound, Outbound Task assigned to the robot,[], robot,300
2025-04-22 01:21:59,938:task_manager:, Assign Outbound, not load outbound, Outbound Task assigned to the robot,[], robot,303
2025-04-22 01:23:09,996:task_manager:, Assign Outbound, not load outbound, Outbound Task assigned to the robot,[], robot,301
2025-04-22 01:23:10,099:task_manager:, Assign Outbound, not load outbound, Outbound Task assigned to the robot,[], robot,306
2025-04-22 01:23:42,501:task_manager:, Assign Outbound, not load outbound, Outbound Task assigned to the robot,[], robot,303
2025-04-22 01:23:43,017:task_manager:, Assign Outbound, not load outbound, Outbound Task assigned to the robot,[], robot,305
2025-04-22 01:23:44,158:task_manager:, Assign Outbound, not load outbound, Outbound Task assigned to the robot,[], robot,305
2025-04-22 01:23:53,345:task_manager:, Assign Outbound, not load outbound, Outbound Task assigned to the robot,[], robot,300
2025-04-22 01:24:34,357:task_manager:, Assign Outbound, not load outbound, Outbound Task assigned to the robot,[[1125, <geometry.Point object at 0x7f2e3c18f500>]], robot,301
2025-04-22 01:24:44,480:task_manager:, Assign Outbound, not load outbound, Outbound Task assigned to the robot,[], robot,304
2025-04-22 01:24:45,102:task_manager:, Assign Outbound, not load outbound, Outbound Task assigned to the robot,[], robot,304
2025-04-22 01:25:02,025:task_manager:, Assign Outbound, not load outbound, Outbound Task assigned to the robot,[], robot,306
2025-04-22 01:25:05,477:task_manager:, Assign Outbound, not load outbound, Outbound Task assigned to the robot,[], robot,300
2025-04-22 01:25:05,913:task_manager:, Assign Outbound, not load outbound, Outbound Task assigned to the robot,[], robot,303
2025-04-22 09:54:02,815:task_manager:, Assign Outbound, not load outbound, Outbound Task assigned to the robot,[], robot,302
2025-04-22 09:54:27,092:task_manager:, Assign Outbound, not load outbound, Outbound Task assigned to the robot,[[1130, <geometry.Point object at 0x7fd0556070e0>]], robot,300
2025-04-22 09:55:45,272:task_manager:, Assign Outbound, not load outbound, Outbound Task assigned to the robot,[], robot,302
2025-04-22 09:55:45,730:task_manager:, Assign Outbound, not load outbound, Outbound Task assigned to the robot,[], robot,301
2025-04-22 19:08:52,899:task_manager:, Assign Outbound, not load outbound, Outbound Task assigned to the robot,[], robot,302
2025-04-22 19:09:17,794:task_manager:, Assign Outbound, not load outbound, Outbound Task assigned to the robot,[], robot,300
2025-04-22 19:11:15,829:task_manager:, Assign Outbound, not load outbound, Outbound Task assigned to the robot,[], robot,302
2025-04-22 19:11:18,206:task_manager:, Assign Outbound, not load outbound, Outbound Task assigned to the robot,[], robot,301
2025-04-22 19:12:48,107:task_manager:, Assign Outbound, not load outbound, Outbound Task assigned to the robot,[], robot,300
2025-04-22 19:12:56,265:task_manager:, Assign Outbound, not load outbound, Outbound Task assigned to the robot,[], robot,303
2025-04-22 19:15:13,441:task_manager:, Assign Outbound, not load outbound, Outbound Task assigned to the robot,[], robot,302
2025-04-22 19:16:44,747:task_manager:, Assign Outbound, not load outbound, Outbound Task assigned to the robot,[], robot,300
2025-04-22 19:20:04,247:task_manager:, Assign Outbound, not load outbound, Outbound Task assigned to the robot,[], robot,303
2025-04-22 19:23:36,518:task_manager:, Assign Outbound, not load outbound, Outbound Task assigned to the robot,[], robot,305
2025-04-22 19:29:08,519:task_manager:, Assign Outbound, not load outbound, Outbound Task assigned to the robot,[], robot,305
2025-04-22 19:29:58,882:task_manager:, Assign Outbound, not load outbound, Outbound Task assigned to the robot,[], robot,306
2025-04-22 19:30:31,148:task_manager:, Assign Outbound, not load outbound, Outbound Task assigned to the robot,[], robot,301
2025-04-22 19:30:51,218:task_manager:, Assign Outbound, not load outbound, Outbound Task assigned to the robot,[], robot,302
2025-04-22 19:32:17,125:task_manager:, Assign Outbound, not load outbound, Outbound Task assigned to the robot,[], robot,302
2025-04-22 19:32:52,783:task_manager:, Assign Outbound, not load outbound, Outbound Task assigned to the robot,[], robot,304
2025-04-22 19:33:08,034:task_manager:, Assign Outbound, not load outbound, Outbound Task assigned to the robot,[], robot,304
2025-04-22 19:38:09,742:task_manager:, Assign Outbound, not load outbound, Outbound Task assigned to the robot,[], robot,302
2025-04-22 19:38:47,911:task_manager:, Assign Outbound, not load outbound, Outbound Task assigned to the robot,[], robot,300
2025-04-22 19:40:24,702:task_manager:, Assign Outbound, not load outbound, Outbound Task assigned to the robot,[], robot,301
2025-04-22 19:40:30,466:task_manager:, Assign Outbound, not load outbound, Outbound Task assigned to the robot,[], robot,303
2025-04-22 19:40:31,333:task_manager:, Assign Outbound, not load outbound, Outbound Task assigned to the robot,[], robot,305
2025-04-22 19:40:58,686:task_manager:, Assign Outbound, not load outbound, Outbound Task assigned to the robot,[], robot,300
2025-04-22 19:41:26,118:task_manager:, Assign Outbound, not load outbound, Outbound Task assigned to the robot,[], robot,302
2025-04-22 19:41:34,959:task_manager:, Assign Outbound, not load outbound, Outbound Task assigned to the robot,[], robot,304
2025-04-22 19:47:32,817:task_manager:, Assign Outbound, not load outbound, Outbound Task assigned to the robot,[], robot,302
2025-04-22 19:49:13,775:task_manager:, Assign Outbound, not load outbound, Outbound Task assigned to the robot,[], robot,300
